#
# A fatal error has been detected by the Java Runtime Environment:
#
#  SIGSEGV (0xb) at pc=0x00007ff07cc91757, pid=10742, tid=140670786402048
#
# JRE version: OpenJDK Runtime Environment (7.0_85-b01) (build 1.7.0_85-b01)
# Java VM: OpenJDK 64-Bit Server VM (24.85-b03 mixed mode linux-amd64 compressed oops)
# Derivative: IcedTea 2.6.1
# Distribution: Ubuntu 14.04 LTS, package 7u85-2.6.1-5ubuntu0.14.04.1
# Problematic frame:
# V  [libjvm.so+0x5ee757]  java_lang_String::length(oopDesc*) [clone .part.107]+0x37
#
# Failed to write core dump. Core dumps have been disabled. To enable core dumping, try "ulimit -c unlimited" before starting Java again
#
# If you would like to submit a bug report, please include
# instructions on how to reproduce the bug and visit:
#   http://icedtea.classpath.org/bugzilla
#

---------------  T H R E A D  ---------------

Current thread (0x00007ff0740b1800):  JavaThread "JDWP Transport Listener: dt_socket" daemon [_thread_in_vm, id=10756, stack(0x00007ff07830f000,0x00007ff078410000)]

siginfo:si_signo=SIGSEGV: si_errno=0, si_code=1 (SEGV_MAPERR), si_addr=0x000000000000000c

Registers:
RAX=0x0000000000000000, RBX=0x0000000000000001, RCX=0x00007ff07d8e3320, RDX=0x000000000000000c
RSP=0x00007ff07840ea10, RBP=0x00007ff07840ea10, RSI=0x00007ff0540054a8, RDI=0x00000000ec547490
R8 =0x0000000000000001, R9 =0x00007ff054000078, R10=0x0000000000000000, R11=0x0000000000000206
R12=0x0000000000000000, R13=0x0000000000000000, R14=0x00007ff07840eb80, R15=0x0000000000000000
RIP=0x00007ff07cc91757, EFLAGS=0x0000000000010246, CSGSFS=0x0000000000000033, ERR=0x0000000000000004
  TRAPNO=0x000000000000000e

Top of Stack: (sp=0x00007ff07840ea10)
0x00007ff07840ea10:   00007ff07840ea40 00007ff07cc92225
0x00007ff07840ea20:   00007ff07840ea60 00007ff0740b1800
0x00007ff07840ea30:   00007ff0540054a8 00000000ec547490
0x00007ff07840ea40:   00007ff07840eab0 00007ff07cca2bb2
0x00007ff07840ea50:   00007ff0740b19d8 00007ff07b83af00
0x00007ff07840ea60:   00007ff0740b1800 0000000000000000
0x00007ff07840ea70:   00007ff0740b19d8 00007ff0540054a8
0x00007ff07840ea80:   00007ff07840eb50 00007ff0740b19d8
0x00007ff07840ea90:   00007ff07b83af00 00007ff0540054a8
0x00007ff07840eaa0:   00007ff07840eb80 00007ff07b83af00
0x00007ff07840eab0:   00007ff07840eaf0 00007ff07b609022
0x00007ff07840eac0:   00007ff07840eb50 0000000000010a00
0x00007ff07840ead0:   00007ff07840eb50 000000000000000a
0x00007ff07840eae0:   00007ff07840eb80 00007ff07b83af00
0x00007ff07840eaf0:   00007ff07840ed40 00007ff07b611688
0x00007ff07840eb00:   0000270f00000013 00007ff054010a00
0x00007ff07840eb10:   00007ff04c000b70 00007ff07cc9c75c
0x00007ff07840eb20:   00007ff0740b3980 00007ff04c000b01
0x00007ff07840eb30:   0000270f00000013 00007ff054010a00
0x00007ff07840eb40:   00007ff04c000b70 00007ff0740a8bf8
0x00007ff07840eb50:   00007ff04c000b78 000000000000000b
0x00007ff07840eb60:   0000270f00000013 00007ff054010a00
0x00007ff07840eb70:   00007ff04c000b70 00007ff054006970
0x00007ff07840eb80:   00007ff07840ebd0 000000000000012c
0x00007ff07840eb90:   00007ff07840eb98 00007ff000000000
0x00007ff07840eba0:   00007ff07840ebd0 0000000000000000
0x00007ff07840ebb0:   00007f0000000000 0000270f00000013
0x00007ff07840ebc0:   00007ff00000ec80 00007ff07840ebd0
0x00007ff07840ebd0:   6e69616d04000000 0000000100004616
0x00007ff07840ebe0:   7f00001600000000 000000b8840054f0
0x00007ff07840ebf0:   0000000900000000 0000010100460000
0x00007ff07840ec00:   0000160000000000 000090850054f07f 

Instructions: (pc=0x00007ff07cc91757)
0x00007ff07cc91737:   8b 14 07 31 c0 85 d2 74 12 89 d0 48 8d 15 97 ed
0x00007ff07cc91747:   7d 00 8b 4a 08 48 d3 e0 48 03 02 ba 0c 00 00 00
0x00007ff07cc91757:   8b 04 10 5d c3 0f 1f 40 00 48 8b 04 07 ba 10 00
0x00007ff07cc91767:   00 00 5d 8b 04 10 c3 66 90 55 48 8d 46 10 48 89 

Register to memory mapping:

RAX=0x0000000000000000 is an unknown value
RBX=0x0000000000000001 is an unknown value
RCX=0x00007ff07d8e3320: <offset 0x219320> in /lib/x86_64-linux-gnu/libpthread.so.0 at 0x00007ff07d6ca000
RDX=0x000000000000000c is an unknown value
RSP=0x00007ff07840ea10 is pointing into the stack for thread: 0x00007ff0740b1800
RBP=0x00007ff07840ea10 is pointing into the stack for thread: 0x00007ff0740b1800
RSI=0x00007ff0540054a8 is a global jni handle
RDI=0x00000000ec547490 is an oop
java.lang.String 
 - klass: 'java/lang/String'
R8 =0x0000000000000001 is an unknown value
R9 =0x00007ff054000078 is an unknown value
R10=0x0000000000000000 is an unknown value
R11=0x0000000000000206 is an unknown value
R12=0x0000000000000000 is an unknown value
R13=0x0000000000000000 is an unknown value
R14=0x00007ff07840eb80 is pointing into the stack for thread: 0x00007ff0740b1800
R15=0x0000000000000000 is an unknown value


Stack: [0x00007ff07830f000,0x00007ff078410000],  sp=0x00007ff07840ea10,  free space=1022k
Native frames: (J=compiled Java code, j=interpreted, Vv=VM code, C=native code)
V  [libjvm.so+0x5ee757]  java_lang_String::length(oopDesc*) [clone .part.107]+0x37
V  [libjvm.so+0x5ef225]  java_lang_String::utf8_length(oopDesc*)+0x95
V  [libjvm.so+0x5ffbb2]  jni_GetStringUTFChars+0x72
C  [libjdwp.so+0x9022]
C  [libjdwp.so+0x11688]
C  [libjdwp.so+0x23795]
V  [libjvm.so+0x6b0f6b]  JvmtiAgentThread::start_function_wrapper(JavaThread*, Thread*)+0x9b
V  [libjvm.so+0x906cb0]  JavaThread::thread_main_inner()+0xf0
V  [libjvm.so+0x906f21]  JavaThread::run()+0x221
V  [libjvm.so+0x7cc7e2]  java_start(Thread*)+0xf2


---------------  P R O C E S S  ---------------

Java Threads: ( => current thread )
  0x00007ff0740bc800 JavaThread "Service Thread" daemon [_thread_blocked, id=10766, stack(0x00007ff06eb2e000,0x00007ff06ec2f000)]
  0x00007ff0740ba000 JavaThread "C2 CompilerThread1" daemon [_thread_blocked, id=10765, stack(0x00007ff06ec2f000,0x00007ff06ed30000)]
  0x00007ff0740b7800 JavaThread "C2 CompilerThread0" daemon [_thread_blocked, id=10764, stack(0x00007ff07800c000,0x00007ff07810d000)]
  0x00007ff054001000 JavaThread "JDWP Command Reader" daemon [_thread_in_native, id=10760, stack(0x00007ff07810d000,0x00007ff07820e000)]
  0x00007ff0740b5000 JavaThread "JDWP Event Helper Thread" daemon [_thread_blocked, id=10758, stack(0x00007ff07820e000,0x00007ff07830f000)]
=>0x00007ff0740b1800 JavaThread "JDWP Transport Listener: dt_socket" daemon [_thread_in_vm, id=10756, stack(0x00007ff07830f000,0x00007ff078410000)]
  0x00007ff0740a4800 JavaThread "Signal Dispatcher" daemon [_thread_blocked, id=10754, stack(0x00007ff078615000,0x00007ff078716000)]
  0x00007ff07407a000 JavaThread "Finalizer" daemon [_thread_blocked, id=10753, stack(0x00007ff078716000,0x00007ff078817000)]
  0x00007ff074078800 JavaThread "Reference Handler" daemon [_thread_blocked, id=10752, stack(0x00007ff078817000,0x00007ff078918000)]
  0x00007ff07400d000 JavaThread "main" [_thread_blocked, id=10748, stack(0x00007ff07e195000,0x00007ff07e296000)]

Other Threads:
  0x00007ff074074000 VMThread [stack: 0x00007ff078918000,0x00007ff078a19000] [id=10751]
  0x00007ff0740c7800 WatcherThread [stack: 0x00007ff06ea2d000,0x00007ff06eb2e000] [id=10767]

VM state:not at safepoint (normal execution)

VM Mutex/Monitor currently owned by a thread: None

Heap
 PSYoungGen      total 17920K, used 1536K [0x00000000ec400000, 0x00000000ed800000, 0x0000000100000000)
  eden space 15360K, 10% used [0x00000000ec400000,0x00000000ec5801b8,0x00000000ed300000)
  from space 2560K, 0% used [0x00000000ed580000,0x00000000ed580000,0x00000000ed800000)
  to   space 2560K, 0% used [0x00000000ed300000,0x00000000ed300000,0x00000000ed580000)
 ParOldGen       total 40448K, used 0K [0x00000000c4c00000, 0x00000000c7380000, 0x00000000ec400000)
  object space 40448K, 0% used [0x00000000c4c00000,0x00000000c4c00000,0x00000000c7380000)
 PSPermGen       total 21504K, used 3450K [0x00000000ba600000, 0x00000000bbb00000, 0x00000000c4c00000)
  object space 21504K, 16% used [0x00000000ba600000,0x00000000ba95eb50,0x00000000bbb00000)

Card table byte_map: [0x00007ff079b7a000,0x00007ff079da8000] byte_map_base: 0x00007ff0795a7000

Polling page: 0x00007ff07e2de000

Code Cache  [0x00007ff071000000, 0x00007ff071270000, 0x00007ff074000000)
 total_blobs=187 nmethods=3 adapters=147 free_code_cache=48764Kb largest_free_block=49919744

Compilation events (6 events):
Event: 0.180 Thread 0x00007ff0740b7800    1             sun.nio.cs.UTF_8$Encoder::encode (361 bytes)
Event: 0.183 Thread 0x00007ff0740ba000    2             java.lang.String::indexOf (70 bytes)
Event: 0.185 Thread 0x00007ff0740ba000 nmethod 2 0x00007ff07105f910 code [0x00007ff07105fa60, 0x00007ff07105fc38]
Event: 0.188 Thread 0x00007ff0740b7800 nmethod 1 0x00007ff07105f1d0 code [0x00007ff07105f320, 0x00007ff07105f6f8]
Event: 24.368 Thread 0x00007ff0740ba000    3             java.lang.String::hashCode (55 bytes)
Event: 24.370 Thread 0x00007ff0740ba000 nmethod 3 0x00007ff07105e5d0 code [0x00007ff07105e720, 0x00007ff07105e898]

GC Heap History (0 events):
No events

Deoptimization events (0 events):
No events

Internal exceptions (10 events):
Event: 0.189 Thread 0x00007ff07400d000 Threw 0x00000000ec5102c0 at /build/openjdk-7-65SuYz/openjdk-7-7u85-2.6.1/build/openjdk/hotspot/src/share/vm/prims/jvm.cpp:1322
Event: 0.192 Thread 0x00007ff07400d000 Threw 0x00000000ec512d18 at /build/openjdk-7-65SuYz/openjdk-7-7u85-2.6.1/build/openjdk/hotspot/src/share/vm/prims/jvm.cpp:1322
Event: 24.368 Thread 0x00007ff07400d000 Threw 0x00000000ec532818 at /build/openjdk-7-65SuYz/openjdk-7-7u85-2.6.1/build/openjdk/hotspot/src/share/vm/prims/jvm.cpp:1322
Event: 24.368 Thread 0x00007ff07400d000 Threw 0x00000000ec532940 at /build/openjdk-7-65SuYz/openjdk-7-7u85-2.6.1/build/openjdk/hotspot/src/share/vm/prims/jvm.cpp:1322
Event: 24.369 Thread 0x00007ff07400d000 Threw 0x00000000ec534f18 at /build/openjdk-7-65SuYz/openjdk-7-7u85-2.6.1/build/openjdk/hotspot/src/share/vm/prims/jvm.cpp:1322
Event: 24.369 Thread 0x00007ff07400d000 Threw 0x00000000ec535040 at /build/openjdk-7-65SuYz/openjdk-7-7u85-2.6.1/build/openjdk/hotspot/src/share/vm/prims/jvm.cpp:1322
Event: 24.369 Thread 0x00007ff07400d000 Threw 0x00000000ec535940 at /build/openjdk-7-65SuYz/openjdk-7-7u85-2.6.1/build/openjdk/hotspot/src/share/vm/prims/jvm.cpp:1322
Event: 24.369 Thread 0x00007ff07400d000 Threw 0x00000000ec535a68 at /build/openjdk-7-65SuYz/openjdk-7-7u85-2.6.1/build/openjdk/hotspot/src/share/vm/prims/jvm.cpp:1322
Event: 70.803 Thread 0x00007ff07400d000 Threw 0x00000000ec545918 at /build/openjdk-7-65SuYz/openjdk-7-7u85-2.6.1/build/openjdk/hotspot/src/share/vm/prims/jvm.cpp:1322
Event: 102.867 Thread 0x00007ff07400d000 Threw 0x00000000ec547278 at /build/openjdk-7-65SuYz/openjdk-7-7u85-2.6.1/build/openjdk/hotspot/src/share/vm/interpreter/linkResolver.cpp:895

Events (10 events):
Event: 121.468 Executing VM operation: EnterInterpOnlyMode
Event: 121.468 Executing VM operation: EnterInterpOnlyMode done
Event: 121.468 Executing VM operation: GetCurrentLocation
Event: 121.468 Executing VM operation: GetCurrentLocation done
Event: 121.468 Executing VM operation: ChangeSingleStep
Event: 121.468 Executing VM operation: ChangeSingleStep done
Event: 121.469 Executing VM operation: ChangeSingleStep
Event: 121.469 Executing VM operation: ChangeSingleStep done
Event: 121.477 Executing VM operation: GetOrSetLocal
Event: 121.478 Executing VM operation: GetOrSetLocal done


Dynamic libraries:
00400000-00401000 r-xp 00000000 00:13 1206911                            /usr/lib/jvm/java-7-openjdk-amd64/jre/bin/java
00600000-00601000 r--p 00000000 00:13 1206911                            /usr/lib/jvm/java-7-openjdk-amd64/jre/bin/java
00601000-00602000 rw-p 00001000 00:13 1206911                            /usr/lib/jvm/java-7-openjdk-amd64/jre/bin/java
00b0e000-00b2f000 rw-p 00000000 00:00 0                                  [heap]
ba600000-bbb00000 rw-p 00000000 00:00 0 
bbb00000-c4c00000 rw-p 00000000 00:00 0 
c4c00000-c7380000 rw-p 00000000 00:00 0 
c7380000-ec400000 rw-p 00000000 00:00 0 
ec400000-ed800000 rw-p 00000000 00:00 0 
ed800000-100000000 rw-p 00000000 00:00 0 
7ff038000000-7ff038021000 rw-p 00000000 00:00 0 
7ff038021000-7ff03c000000 ---p 00000000 00:00 0 
7ff03c000000-7ff03c021000 rw-p 00000000 00:00 0 
7ff03c021000-7ff040000000 ---p 00000000 00:00 0 
7ff040000000-7ff04008f000 rw-p 00000000 00:00 0 
7ff04008f000-7ff044000000 ---p 00000000 00:00 0 
7ff044000000-7ff04407b000 rw-p 00000000 00:00 0 
7ff04407b000-7ff048000000 ---p 00000000 00:00 0 
7ff048000000-7ff048021000 rw-p 00000000 00:00 0 
7ff048021000-7ff04c000000 ---p 00000000 00:00 0 
7ff04c000000-7ff04c021000 rw-p 00000000 00:00 0 
7ff04c021000-7ff050000000 ---p 00000000 00:00 0 
7ff050000000-7ff050021000 rw-p 00000000 00:00 0 
7ff050021000-7ff054000000 ---p 00000000 00:00 0 
7ff054000000-7ff054021000 rw-p 00000000 00:00 0 
7ff054021000-7ff058000000 ---p 00000000 00:00 0 
7ff058000000-7ff058021000 rw-p 00000000 00:00 0 
7ff058021000-7ff05c000000 ---p 00000000 00:00 0 
7ff05c000000-7ff05c021000 rw-p 00000000 00:00 0 
7ff05c021000-7ff060000000 ---p 00000000 00:00 0 
7ff060000000-7ff060021000 rw-p 00000000 00:00 0 
7ff060021000-7ff064000000 ---p 00000000 00:00 0 
7ff064000000-7ff064021000 rw-p 00000000 00:00 0 
7ff064021000-7ff068000000 ---p 00000000 00:00 0 
7ff068000000-7ff068021000 rw-p 00000000 00:00 0 
7ff068021000-7ff06c000000 ---p 00000000 00:00 0 
7ff06e7f2000-7ff06ea2d000 rw-p 00000000 00:00 0 
7ff06ea2d000-7ff06ea2e000 ---p 00000000 00:00 0 
7ff06ea2e000-7ff06eb2e000 rw-p 00000000 00:00 0                          [stack:10767]
7ff06eb2e000-7ff06eb31000 ---p 00000000 00:00 0 
7ff06eb31000-7ff06ec2f000 rw-p 00000000 00:00 0                          [stack:10766]
7ff06ec2f000-7ff06ec32000 ---p 00000000 00:00 0 
7ff06ec32000-7ff071000000 rw-p 00000000 00:00 0                          [stack:10765]
7ff071000000-7ff071270000 rwxp 00000000 00:00 0 
7ff071270000-7ff07414b000 rw-p 00000000 00:00 0 
7ff07414b000-7ff078000000 ---p 00000000 00:00 0 
7ff07800c000-7ff07800f000 ---p 00000000 00:00 0 
7ff07800f000-7ff07810d000 rw-p 00000000 00:00 0                          [stack:10764]
7ff07810d000-7ff078110000 ---p 00000000 00:00 0 
7ff078110000-7ff07820e000 rw-p 00000000 00:00 0                          [stack:10760]
7ff07820e000-7ff078211000 ---p 00000000 00:00 0 
7ff078211000-7ff07830f000 rw-p 00000000 00:00 0                          [stack:10758]
7ff07830f000-7ff078312000 ---p 00000000 00:00 0 
7ff078312000-7ff078410000 rw-p 00000000 00:00 0                          [stack:10756]
7ff078410000-7ff078414000 r-xp 00000000 00:13 1206943                    /usr/lib/jvm/java-7-openjdk-amd64/jre/lib/amd64/libdt_socket.so
7ff078414000-7ff078613000 ---p 00004000 00:13 1206943                    /usr/lib/jvm/java-7-openjdk-amd64/jre/lib/amd64/libdt_socket.so
7ff078613000-7ff078614000 r--p 00003000 00:13 1206943                    /usr/lib/jvm/java-7-openjdk-amd64/jre/lib/amd64/libdt_socket.so
7ff078614000-7ff078615000 rw-p 00004000 00:13 1206943                    /usr/lib/jvm/java-7-openjdk-amd64/jre/lib/amd64/libdt_socket.so
7ff078615000-7ff078618000 ---p 00000000 00:00 0 
7ff078618000-7ff078716000 rw-p 00000000 00:00 0                          [stack:10754]
7ff078716000-7ff078719000 ---p 00000000 00:00 0 
7ff078719000-7ff078817000 rw-p 00000000 00:00 0                          [stack:10753]
7ff078817000-7ff07881a000 ---p 00000000 00:00 0 
7ff07881a000-7ff078918000 rw-p 00000000 00:00 0                          [stack:10752]
7ff078918000-7ff078919000 ---p 00000000 00:00 0 
7ff078919000-7ff07938c000 rw-p 00000000 00:00 0                          [stack:10751]
7ff07938c000-7ff07953e000 r--s 01d30000 00:13 1206930                    /usr/lib/jvm/java-7-openjdk-amd64/jre/lib/rt.jar
7ff07953e000-7ff07983c000 rw-p 00000000 00:00 0 
7ff07983c000-7ff07983d000 ---p 00000000 00:00 0 
7ff07983d000-7ff07993d000 rw-p 00000000 00:00 0                          [stack:10750]
7ff07993d000-7ff07993e000 ---p 00000000 00:00 0 
7ff07993e000-7ff079a52000 rw-p 00000000 00:00 0                          [stack:10749]
7ff079a52000-7ff079b7a000 rw-p 00000000 00:00 0 
7ff079b7a000-7ff079b85000 rw-p 00000000 00:00 0 
7ff079b85000-7ff079bcd000 rw-p 00000000 00:00 0 
7ff079bcd000-7ff079be1000 rw-p 00000000 00:00 0 
7ff079be1000-7ff079d09000 rw-p 00000000 00:00 0 
7ff079d09000-7ff079d13000 rw-p 00000000 00:00 0 
7ff079d13000-7ff079da7000 rw-p 00000000 00:00 0 
7ff079da7000-7ff079db2000 rw-p 00000000 00:00 0 
7ff079db2000-7ff079e68000 rw-p 00000000 00:00 0 
7ff079e68000-7ff079e70000 r-xp 00000000 00:13 1206940                    /usr/lib/jvm/java-7-openjdk-amd64/jre/lib/amd64/libzip.so
7ff079e70000-7ff07a06f000 ---p 00008000 00:13 1206940                    /usr/lib/jvm/java-7-openjdk-amd64/jre/lib/amd64/libzip.so
7ff07a06f000-7ff07a070000 r--p 00007000 00:13 1206940                    /usr/lib/jvm/java-7-openjdk-amd64/jre/lib/amd64/libzip.so
7ff07a070000-7ff07a071000 rw-p 00008000 00:13 1206940                    /usr/lib/jvm/java-7-openjdk-amd64/jre/lib/amd64/libzip.so
7ff07a071000-7ff07a6ef000 r--s 00000000 00:13 22645                      /var/lib/sss/mc/passwd
7ff07a6ef000-7ff07a6f6000 r-xp 00000000 00:13 114505                     /lib/x86_64-linux-gnu/libnss_sss.so.2
7ff07a6f6000-7ff07a8f5000 ---p 00007000 00:13 114505                     /lib/x86_64-linux-gnu/libnss_sss.so.2
7ff07a8f5000-7ff07a8f6000 r--p 00006000 00:13 114505                     /lib/x86_64-linux-gnu/libnss_sss.so.2
7ff07a8f6000-7ff07a8f7000 rw-p 00007000 00:13 114505                     /lib/x86_64-linux-gnu/libnss_sss.so.2
7ff07a8f7000-7ff07a902000 r-xp 00000000 00:13 29231                      /lib/x86_64-linux-gnu/libnss_files-2.19.so
7ff07a902000-7ff07ab01000 ---p 0000b000 00:13 29231                      /lib/x86_64-linux-gnu/libnss_files-2.19.so
7ff07ab01000-7ff07ab02000 r--p 0000a000 00:13 29231                      /lib/x86_64-linux-gnu/libnss_files-2.19.so
7ff07ab02000-7ff07ab03000 rw-p 0000b000 00:13 29231                      /lib/x86_64-linux-gnu/libnss_files-2.19.so
7ff07ab03000-7ff07ab0e000 r-xp 00000000 00:13 29251                      /lib/x86_64-linux-gnu/libnss_nis-2.19.so
7ff07ab0e000-7ff07ad0d000 ---p 0000b000 00:13 29251                      /lib/x86_64-linux-gnu/libnss_nis-2.19.so
7ff07ad0d000-7ff07ad0e000 r--p 0000a000 00:13 29251                      /lib/x86_64-linux-gnu/libnss_nis-2.19.so
7ff07ad0e000-7ff07ad0f000 rw-p 0000b000 00:13 29251                      /lib/x86_64-linux-gnu/libnss_nis-2.19.so
7ff07ad0f000-7ff07ad26000 r-xp 00000000 00:13 29240                      /lib/x86_64-linux-gnu/libnsl-2.19.so
7ff07ad26000-7ff07af25000 ---p 00017000 00:13 29240                      /lib/x86_64-linux-gnu/libnsl-2.19.so
7ff07af25000-7ff07af26000 r--p 00016000 00:13 29240                      /lib/x86_64-linux-gnu/libnsl-2.19.so
7ff07af26000-7ff07af27000 rw-p 00017000 00:13 29240                      /lib/x86_64-linux-gnu/libnsl-2.19.so
7ff07af27000-7ff07af29000 rw-p 00000000 00:00 0 
7ff07af29000-7ff07af32000 r-xp 00000000 00:13 29239                      /lib/x86_64-linux-gnu/libnss_compat-2.19.so
7ff07af32000-7ff07b131000 ---p 00009000 00:13 29239                      /lib/x86_64-linux-gnu/libnss_compat-2.19.so
7ff07b131000-7ff07b132000 r--p 00008000 00:13 29239                      /lib/x86_64-linux-gnu/libnss_compat-2.19.so
7ff07b132000-7ff07b133000 rw-p 00009000 00:13 29239                      /lib/x86_64-linux-gnu/libnss_compat-2.19.so
7ff07b133000-7ff07b3fc000 r--p 00000000 00:13 1098753                    /usr/lib/locale/locale-archive
7ff07b3fc000-7ff07b3fe000 r-xp 00000000 00:13 1206947                    /usr/lib/jvm/java-7-openjdk-amd64/jre/lib/amd64/libnpt.so
7ff07b3fe000-7ff07b5fe000 ---p 00002000 00:13 1206947                    /usr/lib/jvm/java-7-openjdk-amd64/jre/lib/amd64/libnpt.so
7ff07b5fe000-7ff07b5ff000 r--p 00002000 00:13 1206947                    /usr/lib/jvm/java-7-openjdk-amd64/jre/lib/amd64/libnpt.so
7ff07b5ff000-7ff07b600000 rw-p 00003000 00:13 1206947                    /usr/lib/jvm/java-7-openjdk-amd64/jre/lib/amd64/libnpt.so
7ff07b600000-7ff07b63a000 r-xp 00000000 00:13 1206952                    /usr/lib/jvm/java-7-openjdk-amd64/jre/lib/amd64/libjdwp.so
7ff07b63a000-7ff07b839000 ---p 0003a000 00:13 1206952                    /usr/lib/jvm/java-7-openjdk-amd64/jre/lib/amd64/libjdwp.so
7ff07b839000-7ff07b83a000 r--p 00039000 00:13 1206952                    /usr/lib/jvm/java-7-openjdk-amd64/jre/lib/amd64/libjdwp.so
7ff07b83a000-7ff07b83b000 rw-p 0003a000 00:13 1206952                    /usr/lib/jvm/java-7-openjdk-amd64/jre/lib/amd64/libjdwp.so
7ff07b83b000-7ff07b866000 r-xp 00000000 00:13 1206948                    /usr/lib/jvm/java-7-openjdk-amd64/jre/lib/amd64/libjava.so
7ff07b866000-7ff07ba66000 ---p 0002b000 00:13 1206948                    /usr/lib/jvm/java-7-openjdk-amd64/jre/lib/amd64/libjava.so
7ff07ba66000-7ff07ba67000 r--p 0002b000 00:13 1206948                    /usr/lib/jvm/java-7-openjdk-amd64/jre/lib/amd64/libjava.so
7ff07ba67000-7ff07ba69000 rw-p 0002c000 00:13 1206948                    /usr/lib/jvm/java-7-openjdk-amd64/jre/lib/amd64/libjava.so
7ff07ba69000-7ff07ba79000 r-xp 00000000 00:13 1206962                    /usr/lib/jvm/java-7-openjdk-amd64/jre/lib/amd64/libverify.so
7ff07ba79000-7ff07bc78000 ---p 00010000 00:13 1206962                    /usr/lib/jvm/java-7-openjdk-amd64/jre/lib/amd64/libverify.so
7ff07bc78000-7ff07bc7a000 r--p 0000f000 00:13 1206962                    /usr/lib/jvm/java-7-openjdk-amd64/jre/lib/amd64/libverify.so
7ff07bc7a000-7ff07bc7b000 rw-p 00011000 00:13 1206962                    /usr/lib/jvm/java-7-openjdk-amd64/jre/lib/amd64/libverify.so
7ff07bc7b000-7ff07bc82000 r-xp 00000000 00:13 29248                      /lib/x86_64-linux-gnu/librt-2.19.so
7ff07bc82000-7ff07be81000 ---p 00007000 00:13 29248                      /lib/x86_64-linux-gnu/librt-2.19.so
7ff07be81000-7ff07be82000 r--p 00006000 00:13 29248                      /lib/x86_64-linux-gnu/librt-2.19.so
7ff07be82000-7ff07be83000 rw-p 00007000 00:13 29248                      /lib/x86_64-linux-gnu/librt-2.19.so
7ff07be83000-7ff07be99000 r-xp 00000000 00:13 29309                      /lib/x86_64-linux-gnu/libgcc_s.so.1
7ff07be99000-7ff07c098000 ---p 00016000 00:13 29309                      /lib/x86_64-linux-gnu/libgcc_s.so.1
7ff07c098000-7ff07c099000 rw-p 00015000 00:13 29309                      /lib/x86_64-linux-gnu/libgcc_s.so.1
7ff07c099000-7ff07c19e000 r-xp 00000000 00:13 29230                      /lib/x86_64-linux-gnu/libm-2.19.so
7ff07c19e000-7ff07c39d000 ---p 00105000 00:13 29230                      /lib/x86_64-linux-gnu/libm-2.19.so
7ff07c39d000-7ff07c39e000 r--p 00104000 00:13 29230                      /lib/x86_64-linux-gnu/libm-2.19.so
7ff07c39e000-7ff07c39f000 rw-p 00105000 00:13 29230                      /lib/x86_64-linux-gnu/libm-2.19.so
7ff07c39f000-7ff07c485000 r-xp 00000000 00:13 33990                      /usr/lib/x86_64-linux-gnu/libstdc++.so.6.0.19
7ff07c485000-7ff07c684000 ---p 000e6000 00:13 33990                      /usr/lib/x86_64-linux-gnu/libstdc++.so.6.0.19
7ff07c684000-7ff07c68c000 r--p 000e5000 00:13 33990                      /usr/lib/x86_64-linux-gnu/libstdc++.so.6.0.19
7ff07c68c000-7ff07c68e000 rw-p 000ed000 00:13 33990                      /usr/lib/x86_64-linux-gnu/libstdc++.so.6.0.19
7ff07c68e000-7ff07c6a3000 rw-p 00000000 00:00 0 
7ff07c6a3000-7ff07d1c7000 r-xp 00000000 00:13 1206954                    /usr/lib/jvm/java-7-openjdk-amd64/jre/lib/amd64/server/libjvm.so
7ff07d1c7000-7ff07d3c6000 ---p 00b24000 00:13 1206954                    /usr/lib/jvm/java-7-openjdk-amd64/jre/lib/amd64/server/libjvm.so
7ff07d3c6000-7ff07d460000 r--p 00b23000 00:13 1206954                    /usr/lib/jvm/java-7-openjdk-amd64/jre/lib/amd64/server/libjvm.so
7ff07d460000-7ff07d483000 rw-p 00bbd000 00:13 1206954                    /usr/lib/jvm/java-7-openjdk-amd64/jre/lib/amd64/server/libjvm.so
7ff07d483000-7ff07d4b1000 rw-p 00000000 00:00 0 
7ff07d4b1000-7ff07d4c9000 r-xp 00000000 00:13 17450                      /lib/x86_64-linux-gnu/libz.so.1.2.8
7ff07d4c9000-7ff07d6c8000 ---p 00018000 00:13 17450                      /lib/x86_64-linux-gnu/libz.so.1.2.8
7ff07d6c8000-7ff07d6c9000 r--p 00017000 00:13 17450                      /lib/x86_64-linux-gnu/libz.so.1.2.8
7ff07d6c9000-7ff07d6ca000 rw-p 00018000 00:13 17450                      /lib/x86_64-linux-gnu/libz.so.1.2.8
7ff07d6ca000-7ff07d6e3000 r-xp 00000000 00:13 29246                      /lib/x86_64-linux-gnu/libpthread-2.19.so
7ff07d6e3000-7ff07d8e2000 ---p 00019000 00:13 29246                      /lib/x86_64-linux-gnu/libpthread-2.19.so
7ff07d8e2000-7ff07d8e3000 r--p 00018000 00:13 29246                      /lib/x86_64-linux-gnu/libpthread-2.19.so
7ff07d8e3000-7ff07d8e4000 rw-p 00019000 00:13 29246                      /lib/x86_64-linux-gnu/libpthread-2.19.so
7ff07d8e4000-7ff07d8e8000 rw-p 00000000 00:00 0 
7ff07d8e8000-7ff07d8eb000 r-xp 00000000 00:13 29234                      /lib/x86_64-linux-gnu/libdl-2.19.so
7ff07d8eb000-7ff07daea000 ---p 00003000 00:13 29234                      /lib/x86_64-linux-gnu/libdl-2.19.so
7ff07daea000-7ff07daeb000 r--p 00002000 00:13 29234                      /lib/x86_64-linux-gnu/libdl-2.19.so
7ff07daeb000-7ff07daec000 rw-p 00003000 00:13 29234                      /lib/x86_64-linux-gnu/libdl-2.19.so
7ff07daec000-7ff07dca7000 r-xp 00000000 00:13 29245                      /lib/x86_64-linux-gnu/libc-2.19.so
7ff07dca7000-7ff07dea6000 ---p 001bb000 00:13 29245                      /lib/x86_64-linux-gnu/libc-2.19.so
7ff07dea6000-7ff07deaa000 r--p 001ba000 00:13 29245                      /lib/x86_64-linux-gnu/libc-2.19.so
7ff07deaa000-7ff07deac000 rw-p 001be000 00:13 29245                      /lib/x86_64-linux-gnu/libc-2.19.so
7ff07deac000-7ff07deb1000 rw-p 00000000 00:00 0 
7ff07deb1000-7ff07debe000 r-xp 00000000 00:13 1206963                    /usr/lib/jvm/java-7-openjdk-amd64/jre/lib/amd64/jli/libjli.so
7ff07debe000-7ff07e0bd000 ---p 0000d000 00:13 1206963                    /usr/lib/jvm/java-7-openjdk-amd64/jre/lib/amd64/jli/libjli.so
7ff07e0bd000-7ff07e0be000 r--p 0000c000 00:13 1206963                    /usr/lib/jvm/java-7-openjdk-amd64/jre/lib/amd64/jli/libjli.so
7ff07e0be000-7ff07e0bf000 rw-p 0000d000 00:13 1206963                    /usr/lib/jvm/java-7-openjdk-amd64/jre/lib/amd64/jli/libjli.so
7ff07e0bf000-7ff07e0e2000 r-xp 00000000 00:13 29242                      /lib/x86_64-linux-gnu/ld-2.19.so
7ff07e0e6000-7ff07e0e8000 rw-p 00000000 00:00 0 
7ff07e0e8000-7ff07e0ec000 r--s 0003c000 00:13 1206926                    /usr/lib/jvm/java-7-openjdk-amd64/jre/lib/ext/sunpkcs11.jar
7ff07e0ec000-7ff07e0f0000 r--s 00034000 00:13 1206925                    /usr/lib/jvm/java-7-openjdk-amd64/jre/lib/ext/sunjce_provider.jar
7ff07e0f0000-7ff07e0f3000 r--s 0000f000 00:13 1206924                    /usr/lib/jvm/java-7-openjdk-amd64/jre/lib/ext/icedtea-sound.jar
7ff07e0f3000-7ff07e0f7000 r--s 00085000 00:13 1206923                    /usr/lib/jvm/java-7-openjdk-amd64/jre/lib/ext/localedata.jar
7ff07e0f7000-7ff07e0f9000 r--s 00012000 00:13 1206922                    /usr/lib/jvm/java-7-openjdk-amd64/jre/lib/ext/zipfs.jar
7ff07e0f9000-7ff07e14d000 rw-p 00000000 00:00 0 
7ff07e14d000-7ff07e195000 rw-p 00000000 00:00 0 
7ff07e195000-7ff07e198000 ---p 00000000 00:00 0 
7ff07e198000-7ff07e29b000 rw-p 00000000 00:00 0                          [stack:10748]
7ff07e29b000-7ff07e29c000 r--s 00002000 00:13 1206927                    /usr/lib/jvm/java-7-openjdk-amd64/jre/lib/ext/dnsns.jar
7ff07e29c000-7ff07e29e000 r--s 00006000 00:13 64654                      /usr/share/java/java-atk-wrapper.jar
7ff07e29e000-7ff07e2d5000 rw-p 00000000 00:00 0 
7ff07e2d5000-7ff07e2dd000 rw-s 00000000 00:18 49360                      /tmp/hsperfdata_ap886/10742
7ff07e2dd000-7ff07e2de000 rw-p 00000000 00:00 0 
7ff07e2de000-7ff07e2df000 r--p 00000000 00:00 0 
7ff07e2df000-7ff07e2e1000 rw-p 00000000 00:00 0 
7ff07e2e1000-7ff07e2e2000 r--p 00022000 00:13 29242                      /lib/x86_64-linux-gnu/ld-2.19.so
7ff07e2e2000-7ff07e2e3000 rw-p 00023000 00:13 29242                      /lib/x86_64-linux-gnu/ld-2.19.so
7ff07e2e3000-7ff07e2e4000 rw-p 00000000 00:00 0 
7ffc0382e000-7ffc0384f000 rw-p 00000000 00:00 0                          [stack]
7ffc03961000-7ffc03963000 r--p 00000000 00:00 0                          [vvar]
7ffc03963000-7ffc03965000 r-xp 00000000 00:00 0                          [vdso]
ffffffffff600000-ffffffffff601000 r-xp 00000000 00:00 0                  [vsyscall]

VM Arguments:
jvm_args: -agentlib:jdwp=transport=dt_socket,suspend=y,address=localhost:53241 -Dfile.encoding=UTF-8 
java_command: uk.ac.cam.ap886.oopjava.supervision3.cyberPet.Game
Launcher Type: SUN_STANDARD

Environment Variables:
PATH=/usr/local/sbin:/usr/local/bin:/usr/sbin:/usr/bin:/sbin:/bin:/usr/games:/usr/local/games
SHELL=/bin/bash
DISPLAY=:0

Signal Handlers:
SIGSEGV: [libjvm.so+0x954820], sa_mask[0]=0x7ffbfeff, sa_flags=0x10000004
SIGBUS: [libjvm.so+0x954820], sa_mask[0]=0x7ffbfeff, sa_flags=0x10000004
SIGFPE: [libjvm.so+0x7cb150], sa_mask[0]=0x7ffbfeff, sa_flags=0x10000004
SIGPIPE: [libjvm.so+0x7cb150], sa_mask[0]=0x7ffbfeff, sa_flags=0x10000004
SIGXFSZ: [libjvm.so+0x7cb150], sa_mask[0]=0x7ffbfeff, sa_flags=0x10000004
SIGILL: [libjvm.so+0x7cb150], sa_mask[0]=0x7ffbfeff, sa_flags=0x10000004
SIGUSR1: SIG_DFL, sa_mask[0]=0x00000000, sa_flags=0x00000000
SIGUSR2: [libjvm.so+0x7caff0], sa_mask[0]=0x00000004, sa_flags=0x10000004
SIGHUP: [libjvm.so+0x7cb1d0], sa_mask[0]=0x7ffbfeff, sa_flags=0x10000004
SIGINT: [libjvm.so+0x7cb1d0], sa_mask[0]=0x7ffbfeff, sa_flags=0x10000004
SIGTERM: [libjvm.so+0x7cb1d0], sa_mask[0]=0x7ffbfeff, sa_flags=0x10000004
SIGQUIT: [libjvm.so+0x7cb1d0], sa_mask[0]=0x7ffbfeff, sa_flags=0x10000004
SIGTRAP: SIG_DFL, sa_mask[0]=0x00000000, sa_flags=0x00000000


---------------  S Y S T E M  ---------------

OS:Ubuntu 14.04 (trusty)
uname:Linux 3.19.0-33-generic #38~14.04.1-Ubuntu SMP Fri Nov 6 18:17:28 UTC 2015 x86_64
libc:glibc 2.19 NPTL 2.19 
rlimit: STACK 8192k, CORE 0k, NPROC 15039, NOFILE 4096, AS infinity
load average:0.04 0.10 0.18

/proc/meminfo:
MemTotal:        3880872 kB
MemFree:          997232 kB
MemAvailable:    2184196 kB
Buffers:            1072 kB
Cached:          1513436 kB
SwapCached:            0 kB
Active:          1960160 kB
Inactive:         781388 kB
Active(anon):    1230596 kB
Inactive(anon):   178588 kB
Active(file):     729564 kB
Inactive(file):   602800 kB
Unevictable:          32 kB
Mlocked:              32 kB
SwapTotal:             0 kB
SwapFree:              0 kB
Dirty:                80 kB
Writeback:             0 kB
AnonPages:       1227232 kB
Mapped:           272200 kB
Shmem:            182044 kB
Slab:              73168 kB
SReclaimable:      47084 kB
SUnreclaim:        26084 kB
KernelStack:        7680 kB
PageTables:        29452 kB
NFS_Unstable:          0 kB
Bounce:                0 kB
WritebackTmp:          0 kB
CommitLimit:     1940436 kB
Committed_AS:    3856304 kB
VmallocTotal:   34359738367 kB
VmallocUsed:      544284 kB
VmallocChunk:   34359162040 kB
HardwareCorrupted:     0 kB
AnonHugePages:    909312 kB
CmaTotal:              0 kB
CmaFree:               0 kB
HugePages_Total:       0
HugePages_Free:        0
HugePages_Rsvd:        0
HugePages_Surp:        0
Hugepagesize:       2048 kB
DirectMap4k:      126972 kB
DirectMap2M:     3899392 kB


CPU:total 2 (2 cores per cpu, 1 threads per core) family 6 model 23 stepping 10, cmov, cx8, fxsr, mmx, sse, sse2, sse3, ssse3, sse4.1, tsc

/proc/cpuinfo:
processor	: 0
vendor_id	: GenuineIntel
cpu family	: 6
model		: 23
model name	: Intel(R) Core(TM)2 Duo CPU     E8400  @ 3.00GHz
stepping	: 10
microcode	: 0xa07
cpu MHz		: 2992.494
cache size	: 6144 KB
physical id	: 0
siblings	: 2
core id		: 0
cpu cores	: 2
apicid		: 0
initial apicid	: 0
fpu		: yes
fpu_exception	: yes
cpuid level	: 13
wp		: yes
flags		: fpu vme de pse tsc msr pae mce cx8 apic sep mtrr pge mca cmov pat pse36 clflush dts acpi mmx fxsr sse sse2 ss ht tm pbe syscall nx lm constant_tsc arch_perfmon pebs bts rep_good nopl aperfmperf pni dtes64 monitor ds_cpl vmx smx est tm2 ssse3 cx16 xtpr pdcm sse4_1 xsave lahf_lm dtherm tpr_shadow vnmi flexpriority
bugs		:
bogomips	: 5984.98
clflush size	: 64
cache_alignment	: 64
address sizes	: 36 bits physical, 48 bits virtual
power management:

processor	: 1
vendor_id	: GenuineIntel
cpu family	: 6
model		: 23
model name	: Intel(R) Core(TM)2 Duo CPU     E8400  @ 3.00GHz
stepping	: 10
microcode	: 0xa07
cpu MHz		: 2992.494
cache size	: 6144 KB
physical id	: 0
siblings	: 2
core id		: 1
cpu cores	: 2
apicid		: 1
initial apicid	: 1
fpu		: yes
fpu_exception	: yes
cpuid level	: 13
wp		: yes
flags		: fpu vme de pse tsc msr pae mce cx8 apic sep mtrr pge mca cmov pat pse36 clflush dts acpi mmx fxsr sse sse2 ss ht tm pbe syscall nx lm constant_tsc arch_perfmon pebs bts rep_good nopl aperfmperf pni dtes64 monitor ds_cpl vmx smx est tm2 ssse3 cx16 xtpr pdcm sse4_1 xsave lahf_lm dtherm tpr_shadow vnmi flexpriority
bugs		:
bogomips	: 5984.98
clflush size	: 64
cache_alignment	: 64
address sizes	: 36 bits physical, 48 bits virtual
power management:



Memory: 4k page, physical 3880872k(997232k free), swap 0k(0k free)

vm_info: OpenJDK 64-Bit Server VM (24.85-b03) for linux-amd64 JRE (1.7.0_85-b01), built on Oct 22 2015 06:46:50 by "buildd" with gcc 4.8.2

time: Sat Nov 28 23:12:56 2015
elapsed time: 121 seconds

